<?xml version="1.0" encoding="UTF-8"?>
<!-- Generated by org.testng.reporters.JUnitXMLReporter -->
<testsuite hostname="CTAADPG02J8JZ" ignored="1" name="Default test" tests="1" failures="0" timestamp="2023-01-31T16:14:21 IST" time="29.334" errors="0">
  <testcase name="Registration" time="21.057" classname="Com.Framework.Selenium.V1.TestCase1"/>
  <testcase name="logintoapplication" time="0.0" classname="Com.Framework.Selenium.V1.TestCase1">
    <ignored/>
  </testcase> <!-- logintoapplication -->
</testsuite> <!-- Default test -->
