<?xml version="1.0" encoding="UTF-8"?>
<!-- Generated by org.testng.reporters.JUnitXMLReporter -->
<testsuite hostname="CTAADPG02J8JZ" ignored="2" name="Methods test" tests="1" failures="1" timestamp="2023-01-15T23:09:49 IST" time="0.058" errors="0">
  <testcase name="LogintoApplication" time="0.024" classname="Com.Framework.Selenium.V1.TestCases">
    <failure type="java.lang.NullPointerException">
      <![CDATA[java.lang.NullPointerException
at org.openqa.selenium.support.pagefactory.DefaultElementLocator.findElement(DefaultElementLocator.java:70)
at org.openqa.selenium.support.pagefactory.internal.LocatingElementHandler.invoke(LocatingElementHandler.java:39)
at com.sun.proxy.$Proxy8.sendKeys(Unknown Source)
at Com.Framework.Selenium.V1.PagefactoryMethod.Login(PagefactoryMethod.java:57)
at Com.Framework.Selenium.V1.TestCases.LogintoApplication(TestCases.java:43)
at java.util.ArrayList.forEach(Unknown Source)
... Removed 27 stack frames]]>
    </failure>
  </testcase> <!-- LogintoApplication -->
  <testcase name="Registration" time="0.0" classname="Com.Framework.Selenium.V1.TestCases">
    <ignored/>
  </testcase> <!-- Registration -->
  <testcase name="Shopping" time="0.0" classname="Com.Framework.Selenium.V1.TestCases">
    <ignored/>
  </testcase> <!-- Shopping -->
</testsuite> <!-- Methods test -->
