<?xml version="1.0" encoding="UTF-8"?>
<!-- Generated by org.testng.reporters.JUnitXMLReporter -->
<testsuite hostname="CTAADPG02J8JZ" ignored="4" tests="0" failures="0" timestamp="2023-01-15T22:54:57 IST" time="0.008" errors="0">
  <testcase name="AddtoBasketTC" time="0.0" classname="Com.Framework.Selenium.V1.TestCases">
    <ignored/>
  </testcase> <!-- AddtoBasketTC -->
  <testcase name="Registration" time="0.0" classname="Com.Framework.Selenium.V1.TestCases">
    <ignored/>
  </testcase> <!-- Registration -->
  <testcase name="LogintoApplication" time="0.0" classname="Com.Framework.Selenium.V1.TestCases">
    <ignored/>
  </testcase> <!-- LogintoApplication -->
  <testcase name="Shopping" time="0.0" classname="Com.Framework.Selenium.V1.TestCases">
    <ignored/>
  </testcase> <!-- Shopping -->
</testsuite>
