<?xml version="1.0" encoding="UTF-8"?>
<!-- Generated by org.testng.reporters.JUnitXMLReporter -->
<testsuite hostname="CTAADPG02J8JZ" ignored="1" name="Test1" tests="1" failures="0" timestamp="2023-01-31T16:03:34 IST" time="11.506" errors="0">
  <testcase name="logintoapplication" time="3.173" classname="Com.Framework.Selenium.V1.TestCase1"/>
  <testcase name="Registration" time="0.0" classname="Com.Framework.Selenium.V1.TestCase1">
    <ignored/>
  </testcase> <!-- Registration -->
</testsuite> <!-- Test1 -->
